==771781== Memcheck, a memory error detector
==771781== Copyright (C) 2002-2017, and GNU GPL'd, by Julian Seward et al.
==771781== Using Valgrind-3.18.1 and LibVEX; rerun with -h for copyright info
==771781== Command: ./ircserv 6667 1234
==771781== Parent PID: 730071
==771781== 
==771781== 
==771781== FILE DESCRIPTORS: 4 open (3 std) at exit.
==771781== Open file descriptor 3: /home/jaeholee/ft_irc/valgrind.log
==771781==    <inherited from parent>
==771781== 
==771781== 
==771781== HEAP SUMMARY:
==771781==     in use at exit: 0 bytes in 0 blocks
==771781==   total heap usage: 209 allocs, 209 frees, 97,986 bytes allocated
==771781== 
==771781== All heap blocks were freed -- no leaks are possible
==771781== 
==771781== For lists of detected and suppressed errors, rerun with: -s
==771781== ERROR SUMMARY: 0 errors from 0 contexts (suppressed: 0 from 0)
